<?xml version="1.0" encoding="UTF-8"?>
<testsuite xmlns:xsi="http://www.w3.org/2001/XMLSchema-instance" xsi:noNamespaceSchemaLocation="https://maven.apache.org/surefire/maven-surefire-plugin/xsd/surefire-test-report-3.0.xsd" version="3.0" name="banktest.UserServiceTests" time="1.509" tests="4" errors="0" skipped="0" failures="0">
  <properties>
[...]
</properties>
  <testcase name="testInsertedUserReturnedNegativeOne" classname="banktest.UserServiceTests" time="1.473">
    <system-out><![CDATA[Returning user....
]]></system-out>
  </testcase>
  <testcase name="tesRegisterUserReturnNewPKId" classname="banktest.UserServiceTests" time="0">
    <system-out><![CDATA[Returning user....
Successfully registered user with the Id of 46
]]></system-out>
  </testcase>
  <testcase name="testLoginReturnsUser" classname="banktest.UserServiceTests" time="0.006">
    <system-out><![CDATA[Successfully Logged in!
Reached the inside of the if statement
]]></system-out>
  </testcase>
  <testcase name="testRegisterUserWithNonZeroId" classname="banktest.UserServiceTests" time="0">
    <system-out><![CDATA[Returning user....
]]></system-out>
  </testcase>
</testsuite>